<?xml version="1.0" encoding="UTF-8"?>
<Site BuildName="Win32-mingw32-make"
	BuildStamp="20260819-1852-Experimental"
	Name="JAVMRLPC"
	Generator="ctest-4.4.2"
	CompilerName="C:/msys64/ucrt64/bin/g++.exe"
	CompilerVersion="16.1.0"
	OSName="Windows"
	Hostname="JAVMRLPC"
	OSRelease="10.0.26200"
	OSVersion="Windows 10"
	OSPlatform="AMD64"
	Is64Bits="1"
	VendorString="AuthenticAMD"
	VendorID="Advanced Micro Devices"
	FamilyID="15"
	ModelID="0"
	ModelName="AMD Ryzen 9 5900HS with Radeon Graphics"
	ProcessorCacheSize="64"
	NumberOfLogicalCPU="16"
	NumberOfPhysicalCPU="8"
	TotalVirtualMemory="2944"
	TotalPhysicalMemory="15775"
	LogicalProcessorsPerPhysical="2"
	ProcessorClockFrequency="3301.000000"
	>
	<Testing>
		<StartDateTime>Aug 19 14:52 Eastern Daylight Time</StartDateTime>
		<StartTestTime>1787165571</StartTestTime>
		<TestList/>
		<EndDateTime>Aug 19 14:52 Eastern Daylight Time</EndDateTime>
		<EndTestTime>1787165571</EndTestTime>
		<ElapsedMinutes>0</ElapsedMinutes>
	</Testing>
</Site>
